{
  "stats": {
    "suites": 11,
    "tests": 22,
    "passes": 19,
    "pending": 0,
    "failures": 3,
    "start": "2021-10-07T23:28:14.795Z",
    "end": "2021-10-07T23:28:23.559Z",
    "duration": 8764,
    "testsRegistered": 22,
    "passPercent": 86.36363636363636,
    "pendingPercent": 0,
    "other": 0,
    "hasOther": false,
    "skipped": 0,
    "hasSkipped": false
  },
  "results": [
    {
      "uuid": "27be5851-f2d6-4968-8d69-19876f87dd54",
      "title": "",
      "fullFile": "cypress/integration/project.spec.js",
      "file": "cypress/integration/project.spec.js",
      "beforeHooks": [],
      "afterHooks": [],
      "tests": [],
      "suites": [
        {
          "uuid": "a529ed55-3f26-427c-acd5-99c4845ec5b6",
          "title": "1 - Adicione uma cor de fundo específica para a página",
          "fullFile": "",
          "file": "",
          "beforeHooks": [],
          "afterHooks": [],
          "tests": [
            {
              "title": "Possuir cor de fundo: rgb(253, 251, 251)",
              "fullTitle": "1 - Adicione uma cor de fundo específica para a página Possuir cor de fundo: rgb(253, 251, 251)",
              "timedOut": null,
              "duration": 143,
              "state": "passed",
              "speed": "slow",
              "pass": true,
              "fail": false,
              "pending": false,
              "context": null,
              "code": "cy.get('body').should('have.css', 'backgroundColor', 'rgb(253, 251, 251)');",
              "err": {},
              "uuid": "3c91a1aa-7f4d-42ca-9e32-1cb830c7e364",
              "parentUUID": "a529ed55-3f26-427c-acd5-99c4845ec5b6",
              "isHook": false,
              "skipped": false
            }
          ],
          "suites": [],
          "passes": [
            "3c91a1aa-7f4d-42ca-9e32-1cb830c7e364"
          ],
          "failures": [],
          "pending": [],
          "skipped": [],
          "duration": 143,
          "root": false,
          "rootEmpty": false,
          "_timeout": 2000
        },
        {
          "uuid": "62f384bc-a0e8-434f-8f63-de0a62574c25",
          "title": "2 - Adicione uma barra superior com um título",
          "fullFile": "",
          "file": "",
          "beforeHooks": [],
          "afterHooks": [],
          "tests": [
            {
              "title": "A barra deve possuir o ID \"cabecalho\"",
              "fullTitle": "2 - Adicione uma barra superior com um título A barra deve possuir o ID \"cabecalho\"",
              "timedOut": null,
              "duration": 138,
              "state": "passed",
              "speed": "slow",
              "pass": true,
              "fail": false,
              "pending": false,
              "context": null,
              "code": "(0, _ActionBase.shouldExist)('#cabecalho');",
              "err": {},
              "uuid": "4143c0f0-a7bf-40aa-9d45-06102623d159",
              "parentUUID": "62f384bc-a0e8-434f-8f63-de0a62574c25",
              "isHook": false,
              "skipped": false
            },
            {
              "title": "A barra superior deve ser fixa no topo da página, com a propriedade top tendo o valor `0`",
              "fullTitle": "2 - Adicione uma barra superior com um título A barra superior deve ser fixa no topo da página, com a propriedade top tendo o valor `0`",
              "timedOut": null,
              "duration": 127,
              "state": "passed",
              "speed": "slow",
              "pass": true,
              "fail": false,
              "pending": false,
              "context": null,
              "code": "cy.get('#cabecalho').should('have.css', 'position', 'fixed').should('have.css', 'top', '0px');",
              "err": {},
              "uuid": "865244ff-9c6b-4f1c-9c43-6bfeb2af38d1",
              "parentUUID": "62f384bc-a0e8-434f-8f63-de0a62574c25",
              "isHook": false,
              "skipped": false
            },
            {
              "title": "O título deve estar dentro da barra e possuir o ID \"titulo\", além de ser uma tag \"h1\"",
              "fullTitle": "2 - Adicione uma barra superior com um título O título deve estar dentro da barra e possuir o ID \"titulo\", além de ser uma tag \"h1\"",
              "timedOut": null,
              "duration": 114,
              "state": "passed",
              "speed": "slow",
              "pass": true,
              "fail": false,
              "pending": false,
              "context": null,
              "code": "(0, _ActionBase.shouldExist)('#cabecalho h1#titulo');",
              "err": {},
              "uuid": "8188cabb-3789-4abf-9dea-81728d516f06",
              "parentUUID": "62f384bc-a0e8-434f-8f63-de0a62574c25",
              "isHook": false,
              "skipped": false
            }
          ],
          "suites": [],
          "passes": [
            "4143c0f0-a7bf-40aa-9d45-06102623d159",
            "865244ff-9c6b-4f1c-9c43-6bfeb2af38d1",
            "8188cabb-3789-4abf-9dea-81728d516f06"
          ],
          "failures": [],
          "pending": [],
          "skipped": [],
          "duration": 379,
          "root": false,
          "rootEmpty": false,
          "_timeout": 2000
        },
        {
          "uuid": "84ef383f-6ccb-4e47-829e-1e77d7002de2",
          "title": "3 - Adicione uma foto sua à página",
          "fullFile": "",
          "file": "",
          "beforeHooks": [],
          "afterHooks": [],
          "tests": [
            {
              "title": "A foto deve ser inserida utilizando uma tag img com o ID \"minha_foto\"",
              "fullTitle": "3 - Adicione uma foto sua à página A foto deve ser inserida utilizando uma tag img com o ID \"minha_foto\"",
              "timedOut": null,
              "duration": 181,
              "state": "passed",
              "speed": "slow",
              "pass": true,
              "fail": false,
              "pending": false,
              "context": null,
              "code": "cy.get('img#minha_foto').should('have.attr', 'src');",
              "err": {},
              "uuid": "6f9e531f-69e1-4c02-9c9d-d87b7ed83dbd",
              "parentUUID": "84ef383f-6ccb-4e47-829e-1e77d7002de2",
              "isHook": false,
              "skipped": false
            }
          ],
          "suites": [],
          "passes": [
            "6f9e531f-69e1-4c02-9c9d-d87b7ed83dbd"
          ],
          "failures": [],
          "pending": [],
          "skipped": [],
          "duration": 181,
          "root": false,
          "rootEmpty": false,
          "_timeout": 2000
        },
        {
          "uuid": "7d62bb9d-d3fe-4070-85b9-661621914d2b",
          "title": "4 - Adicione uma lista de lições aprendidas à página",
          "fullFile": "",
          "file": "",
          "beforeHooks": [],
          "afterHooks": [],
          "tests": [
            {
              "title": "A lista deve ser numerada e possuir o ID \"licoes_aprendidas\"",
              "fullTitle": "4 - Adicione uma lista de lições aprendidas à página A lista deve ser numerada e possuir o ID \"licoes_aprendidas\"",
              "timedOut": null,
              "duration": 219,
              "state": "passed",
              "speed": "slow",
              "pass": true,
              "fail": false,
              "pending": false,
              "context": null,
              "code": "(0, _ActionBase.shouldExist)('ol#licoes_aprendidas');",
              "err": {},
              "uuid": "0f7339d9-a91e-41f5-a418-b38b9377e063",
              "parentUUID": "7d62bb9d-d3fe-4070-85b9-661621914d2b",
              "isHook": false,
              "skipped": false
            },
            {
              "title": "A lista deve possuir 10 itens",
              "fullTitle": "4 - Adicione uma lista de lições aprendidas à página A lista deve possuir 10 itens",
              "timedOut": null,
              "duration": 198,
              "state": "passed",
              "speed": "slow",
              "pass": true,
              "fail": false,
              "pending": false,
              "context": null,
              "code": "cy.get('ol#licoes_aprendidas').find('li').should('have.length', 10);",
              "err": {},
              "uuid": "55da4c3b-2be7-4cb6-9565-ac5b71d1a23a",
              "parentUUID": "7d62bb9d-d3fe-4070-85b9-661621914d2b",
              "isHook": false,
              "skipped": false
            }
          ],
          "suites": [],
          "passes": [
            "0f7339d9-a91e-41f5-a418-b38b9377e063",
            "55da4c3b-2be7-4cb6-9565-ac5b71d1a23a"
          ],
          "failures": [],
          "pending": [],
          "skipped": [],
          "duration": 417,
          "root": false,
          "rootEmpty": false,
          "_timeout": 2000
        },
        {
          "uuid": "3cc96b23-87c6-4b80-a324-8450717c6890",
          "title": "5 - Crie uma lista de lições que ainda deseja aprender para a página",
          "fullFile": "",
          "file": "",
          "beforeHooks": [],
          "afterHooks": [],
          "tests": [
            {
              "title": "A lista não deve ser numerada e deve possuir o ID \"licoes_a_aprender\"",
              "fullTitle": "5 - Crie uma lista de lições que ainda deseja aprender para a página A lista não deve ser numerada e deve possuir o ID \"licoes_a_aprender\"",
              "timedOut": null,
              "duration": 117,
              "state": "passed",
              "speed": "slow",
              "pass": true,
              "fail": false,
              "pending": false,
              "context": null,
              "code": "(0, _ActionBase.shouldExist)('ul#licoes_a_aprender');",
              "err": {},
              "uuid": "3ed3f869-8ee9-4451-8fd2-69cb26b31597",
              "parentUUID": "3cc96b23-87c6-4b80-a324-8450717c6890",
              "isHook": false,
              "skipped": false
            },
            {
              "title": "A lista deve possuir 10 itens",
              "fullTitle": "5 - Crie uma lista de lições que ainda deseja aprender para a página A lista deve possuir 10 itens",
              "timedOut": null,
              "duration": 155,
              "state": "passed",
              "speed": "slow",
              "pass": true,
              "fail": false,
              "pending": false,
              "context": null,
              "code": "cy.get('ul#licoes_a_aprender').find('li').should('have.length', 10);",
              "err": {},
              "uuid": "b592265c-3391-4932-a563-3a6f3c4a9414",
              "parentUUID": "3cc96b23-87c6-4b80-a324-8450717c6890",
              "isHook": false,
              "skipped": false
            }
          ],
          "suites": [],
          "passes": [
            "3ed3f869-8ee9-4451-8fd2-69cb26b31597",
            "b592265c-3391-4932-a563-3a6f3c4a9414"
          ],
          "failures": [],
          "pending": [],
          "skipped": [],
          "duration": 272,
          "root": false,
          "rootEmpty": false,
          "_timeout": 2000
        },
        {
          "uuid": "5eff012c-436f-4dc5-bf81-1c1f56cbaabd",
          "title": "6 - Adicione um rodapé para a página",
          "fullFile": "",
          "file": "",
          "beforeHooks": [],
          "afterHooks": [],
          "tests": [
            {
              "title": "O rodapé deve possuir o ID \"rodape\"",
              "fullTitle": "6 - Adicione um rodapé para a página O rodapé deve possuir o ID \"rodape\"",
              "timedOut": null,
              "duration": 102,
              "state": "passed",
              "speed": "slow",
              "pass": true,
              "fail": false,
              "pending": false,
              "context": null,
              "code": "cy.get('footer#rodape').should('exist');",
              "err": {},
              "uuid": "11a59a70-a77e-4bf5-b777-cf1c1b9850df",
              "parentUUID": "5eff012c-436f-4dc5-bf81-1c1f56cbaabd",
              "isHook": false,
              "skipped": false
            }
          ],
          "suites": [],
          "passes": [
            "11a59a70-a77e-4bf5-b777-cf1c1b9850df"
          ],
          "failures": [],
          "pending": [],
          "skipped": [],
          "duration": 102,
          "root": false,
          "rootEmpty": false,
          "_timeout": 2000
        },
        {
          "uuid": "989c0c6e-5fde-420e-841f-781c41d26a10",
          "title": "7 - Insira pelo menos um link externo na página",
          "fullFile": "",
          "file": "",
          "beforeHooks": [],
          "afterHooks": [],
          "tests": [
            {
              "title": "A configuração desse link deve ser feita para abrir em uma nova aba do navegador",
              "fullTitle": "7 - Insira pelo menos um link externo na página A configuração desse link deve ser feita para abrir em uma nova aba do navegador",
              "timedOut": null,
              "duration": 155,
              "state": "failed",
              "speed": null,
              "pass": false,
              "fail": true,
              "pending": false,
              "context": null,
              "code": "cy.get('a').then(function (a) {\n  var actual = Array.from(a).some(function (element) {\n    return element.target === '_blank' && element.href !== '';\n  });\n  expect(actual).to.be[\"true\"];\n});",
              "err": {
                "message": "AssertionError: expected false to be true",
                "estack": "AssertionError: expected false to be true\n    at Context.eval (http://localhost:45967/__cypress/tests?p=cypress/integration/project.spec.js:212:27)",
                "diff": null
              },
              "uuid": "3172a8f3-5086-459a-b7dd-a5c3fde49263",
              "parentUUID": "989c0c6e-5fde-420e-841f-781c41d26a10",
              "isHook": false,
              "skipped": false
            }
          ],
          "suites": [],
          "passes": [],
          "failures": [
            "3172a8f3-5086-459a-b7dd-a5c3fde49263"
          ],
          "pending": [],
          "skipped": [],
          "duration": 155,
          "root": false,
          "rootEmpty": false,
          "_timeout": 2000
        },
        {
          "uuid": "ebc70b68-ee6f-4007-9610-c4612b2ee630",
          "title": "8 - Crie um artigo sobre seu aprendizado",
          "fullFile": "",
          "file": "",
          "beforeHooks": [],
          "afterHooks": [],
          "tests": [
            {
              "title": "A `tag` `article` devem ser utilizadas",
              "fullTitle": "8 - Crie um artigo sobre seu aprendizado A `tag` `article` devem ser utilizadas",
              "timedOut": null,
              "duration": 118,
              "state": "passed",
              "speed": "slow",
              "pass": true,
              "fail": false,
              "pending": false,
              "context": null,
              "code": "(0, _ActionBase.shouldExist)('article');",
              "err": {},
              "uuid": "765abbaf-56d1-4f7e-9c76-438ec9ccd155",
              "parentUUID": "ebc70b68-ee6f-4007-9610-c4612b2ee630",
              "isHook": false,
              "skipped": false
            },
            {
              "title": "O artigo deve ter mais de 300 caracteres e menos de 600",
              "fullTitle": "8 - Crie um artigo sobre seu aprendizado O artigo deve ter mais de 300 caracteres e menos de 600",
              "timedOut": null,
              "duration": 230,
              "state": "failed",
              "speed": null,
              "pass": false,
              "fail": true,
              "pending": false,
              "context": null,
              "code": "cy.get('article').invoke('text').then(function (text) {\n  expect(text).to.have.length.of.at.most(600);\n  expect(text).to.have.length.of.at.above(300);\n});",
              "err": {
                "message": "AssertionError: expected '\\n        \\n          \\n        \\n        \\n          \\n            \\n          \\n          \\n            \\n              \\n                Lições aprendidas\\n                Atributos\\n                Estruturas das tags\\n                Principais tags\\n                HTML semantico\\n                Box model\\n                Combunação de classes\\n                Posicionamento de elementos\\n                Pseudoclasses\\n                Aprender a aprender\\n                Dar feedbacks\\n              \\n            \\n            \\n              \\n                Lições que desejo aprender\\n                HTML avançado\\n                CSS avançado\\n                DOM\\n                Funções\\n                Variaveis\\n                Objetos\\n                If/Else\\n                python\\n                PHP\\n                Java\\n              \\n            \\n          \\n          \\n            Um pouco sobre o Tiago\\n            \\n              Estudando em Desenvolvimento Web na Trybe. Comecei a estudar\\n              Desenvolvimento Web este ano (2021), espero que com ajuda da Trybe\\n              eu consiga me tornar um otimo profissional. #GoTrybe\\n            \\n          \\n        \\n      ' to have a length at most 600 but got 1176",
                "estack": "AssertionError: expected '\\n        \\n          \\n        \\n        \\n          \\n            \\n          \\n          \\n            \\n              \\n                Lições aprendidas\\n                Atributos\\n                Estruturas das tags\\n                Principais tags\\n                HTML semantico\\n                Box model\\n                Combunação de classes\\n                Posicionamento de elementos\\n                Pseudoclasses\\n                Aprender a aprender\\n                Dar feedbacks\\n              \\n            \\n            \\n              \\n                Lições que desejo aprender\\n                HTML avançado\\n                CSS avançado\\n                DOM\\n                Funções\\n                Variaveis\\n                Objetos\\n                If/Else\\n                python\\n                PHP\\n                Java\\n              \\n            \\n          \\n          \\n            Um pouco sobre o Tiago\\n            \\n              Estudando em Desenvolvimento Web na Trybe. Comecei a estudar\\n              Desenvolvimento Web este ano (2021), espero que com ajuda da Trybe\\n              eu consiga me tornar um otimo profissional. #GoTrybe\\n            \\n          \\n        \\n      ' to have a length at most 600 but got 1176\n    at Context.eval (http://localhost:45967/__cypress/tests?p=cypress/integration/project.spec.js:225:41)",
                "diff": "- 1176\n+ 600\n"
              },
              "uuid": "aa370fca-fbd0-406b-b331-200d307bd521",
              "parentUUID": "ebc70b68-ee6f-4007-9610-c4612b2ee630",
              "isHook": false,
              "skipped": false
            }
          ],
          "suites": [],
          "passes": [
            "765abbaf-56d1-4f7e-9c76-438ec9ccd155"
          ],
          "failures": [
            "aa370fca-fbd0-406b-b331-200d307bd521"
          ],
          "pending": [],
          "skipped": [],
          "duration": 348,
          "root": false,
          "rootEmpty": false,
          "_timeout": 2000
        },
        {
          "uuid": "98c91851-e523-430e-be7c-0e8bb7acd474",
          "title": "9 - Crie uma seção que conta uma passagem sobre seu aprendizado",
          "fullFile": "",
          "file": "",
          "beforeHooks": [],
          "afterHooks": [],
          "tests": [
            {
              "title": "A `tag` `aside` deve ser utilizada",
              "fullTitle": "9 - Crie uma seção que conta uma passagem sobre seu aprendizado A `tag` `aside` deve ser utilizada",
              "timedOut": null,
              "duration": 145,
              "state": "passed",
              "speed": "slow",
              "pass": true,
              "fail": false,
              "pending": false,
              "context": null,
              "code": "(0, _ActionBase.shouldExist)('aside');",
              "err": {},
              "uuid": "281ff3cd-8382-4853-add3-8100b8070ad2",
              "parentUUID": "98c91851-e523-430e-be7c-0e8bb7acd474",
              "isHook": false,
              "skipped": false
            },
            {
              "title": "A seção deve ter mais que 100 caracteres e menos que 300",
              "fullTitle": "9 - Crie uma seção que conta uma passagem sobre seu aprendizado A seção deve ter mais que 100 caracteres e menos que 300",
              "timedOut": null,
              "duration": 211,
              "state": "failed",
              "speed": null,
              "pass": false,
              "fail": true,
              "pending": false,
              "context": null,
              "code": "cy.get('aside').invoke('text').then(function (text) {\n  expect(text).to.have.length.of.at.above(100);\n  expect(text).to.have.length.of.at.most(300);\n});",
              "err": {
                "message": "AssertionError: expected '' to have a length above 100 but got 0",
                "estack": "AssertionError: expected '' to have a length above 100 but got 0\n    at Context.eval (http://localhost:45967/__cypress/tests?p=cypress/integration/project.spec.js:239:41)",
                "diff": null
              },
              "uuid": "8b7c4fa6-93bc-4b10-adc6-91b32196e250",
              "parentUUID": "98c91851-e523-430e-be7c-0e8bb7acd474",
              "isHook": false,
              "skipped": false
            }
          ],
          "suites": [],
          "passes": [
            "281ff3cd-8382-4853-add3-8100b8070ad2"
          ],
          "failures": [
            "8b7c4fa6-93bc-4b10-adc6-91b32196e250"
          ],
          "pending": [],
          "skipped": [],
          "duration": 356,
          "root": false,
          "rootEmpty": false,
          "_timeout": 2000
        },
        {
          "uuid": "6f2e31a4-7a33-4e34-8f7c-eb7ed3a8d8f7",
          "title": "10 - Aplique elementos HTML de acordo com o sentido e propósito de cada um deles",
          "fullFile": "",
          "file": "",
          "beforeHooks": [],
          "afterHooks": [],
          "tests": [
            {
              "title": "Validar se a página possui um elemento \"article\"",
              "fullTitle": "10 - Aplique elementos HTML de acordo com o sentido e propósito de cada um deles Validar se a página possui um elemento \"article\"",
              "timedOut": null,
              "duration": 95,
              "state": "passed",
              "speed": "slow",
              "pass": true,
              "fail": false,
              "pending": false,
              "context": null,
              "code": "(0, _ActionBase.shouldExist)('article');",
              "err": {},
              "uuid": "fe31a140-c9e7-4a2e-b3f6-44d502b0ab33",
              "parentUUID": "6f2e31a4-7a33-4e34-8f7c-eb7ed3a8d8f7",
              "isHook": false,
              "skipped": false
            },
            {
              "title": "Validar se a página possui um elemento \"header\"",
              "fullTitle": "10 - Aplique elementos HTML de acordo com o sentido e propósito de cada um deles Validar se a página possui um elemento \"header\"",
              "timedOut": null,
              "duration": 112,
              "state": "passed",
              "speed": "slow",
              "pass": true,
              "fail": false,
              "pending": false,
              "context": null,
              "code": "(0, _ActionBase.shouldExist)('header');",
              "err": {},
              "uuid": "b72319b4-7e1f-4fe6-85e2-f4d6f9f66ae6",
              "parentUUID": "6f2e31a4-7a33-4e34-8f7c-eb7ed3a8d8f7",
              "isHook": false,
              "skipped": false
            },
            {
              "title": "Validar se a página possui um elemento \"nav\"",
              "fullTitle": "10 - Aplique elementos HTML de acordo com o sentido e propósito de cada um deles Validar se a página possui um elemento \"nav\"",
              "timedOut": null,
              "duration": 112,
              "state": "passed",
              "speed": "slow",
              "pass": true,
              "fail": false,
              "pending": false,
              "context": null,
              "code": "(0, _ActionBase.shouldExist)('nav');",
              "err": {},
              "uuid": "d7e51473-33c4-4649-9567-e4c83474bb0a",
              "parentUUID": "6f2e31a4-7a33-4e34-8f7c-eb7ed3a8d8f7",
              "isHook": false,
              "skipped": false
            },
            {
              "title": "Validar se a página possui um elemento \"section\"",
              "fullTitle": "10 - Aplique elementos HTML de acordo com o sentido e propósito de cada um deles Validar se a página possui um elemento \"section\"",
              "timedOut": null,
              "duration": 123,
              "state": "passed",
              "speed": "slow",
              "pass": true,
              "fail": false,
              "pending": false,
              "context": null,
              "code": "(0, _ActionBase.shouldExist)('section');",
              "err": {},
              "uuid": "3b734f5e-5706-4067-9ebc-45203aa1b1c9",
              "parentUUID": "6f2e31a4-7a33-4e34-8f7c-eb7ed3a8d8f7",
              "isHook": false,
              "skipped": false
            },
            {
              "title": "Validar se a página possui um elemento \"aside\"",
              "fullTitle": "10 - Aplique elementos HTML de acordo com o sentido e propósito de cada um deles Validar se a página possui um elemento \"aside\"",
              "timedOut": null,
              "duration": 91,
              "state": "passed",
              "speed": "slow",
              "pass": true,
              "fail": false,
              "pending": false,
              "context": null,
              "code": "(0, _ActionBase.shouldExist)('aside');",
              "err": {},
              "uuid": "3a6fa733-4c04-4b45-8573-6f4d6361f8ea",
              "parentUUID": "6f2e31a4-7a33-4e34-8f7c-eb7ed3a8d8f7",
              "isHook": false,
              "skipped": false
            },
            {
              "title": "Validar se a página possui um elemento \"footer\"",
              "fullTitle": "10 - Aplique elementos HTML de acordo com o sentido e propósito de cada um deles Validar se a página possui um elemento \"footer\"",
              "timedOut": null,
              "duration": 104,
              "state": "passed",
              "speed": "slow",
              "pass": true,
              "fail": false,
              "pending": false,
              "context": null,
              "code": "(0, _ActionBase.shouldExist)('footer');",
              "err": {},
              "uuid": "592cb487-dcfc-436a-8d1c-4832a5344648",
              "parentUUID": "6f2e31a4-7a33-4e34-8f7c-eb7ed3a8d8f7",
              "isHook": false,
              "skipped": false
            }
          ],
          "suites": [],
          "passes": [
            "fe31a140-c9e7-4a2e-b3f6-44d502b0ab33",
            "b72319b4-7e1f-4fe6-85e2-f4d6f9f66ae6",
            "d7e51473-33c4-4649-9567-e4c83474bb0a",
            "3b734f5e-5706-4067-9ebc-45203aa1b1c9",
            "3a6fa733-4c04-4b45-8573-6f4d6361f8ea",
            "592cb487-dcfc-436a-8d1c-4832a5344648"
          ],
          "failures": [],
          "pending": [],
          "skipped": [],
          "duration": 637,
          "root": false,
          "rootEmpty": false,
          "_timeout": 2000
        },
        {
          "uuid": "478f4d81-ebf2-4e2d-9e96-551ae35c0d2c",
          "title": "11 - Teste a semântica da sua página está aprovada pelo site CodeSniffer",
          "fullFile": "",
          "file": "",
          "beforeHooks": [],
          "afterHooks": [],
          "tests": [
            {
              "title": "Seu site deve passar sem problemas na verificação de semântica do site CodeSniffer",
              "fullTitle": "11 - Teste a semântica da sua página está aprovada pelo site CodeSniffer Seu site deve passar sem problemas na verificação de semântica do site CodeSniffer",
              "timedOut": null,
              "duration": 3538,
              "state": "passed",
              "speed": "slow",
              "pass": true,
              "fail": false,
              "pending": false,
              "context": null,
              "code": "cy.readFile('./index.html').then(function (content) {\n  cy.visit('http://squizlabs.github.io/HTML_CodeSniffer/');\n  cy.get('#runHTMLCS').click();\n  cy.get('#source').invoke('val', content).trigger('input');\n  cy.get('#run-button').click();\n  cy.get('.result-count-errors').contains(/^0$/);\n});",
              "err": {},
              "uuid": "e0c27fbc-f922-4ea4-a2f9-55235b296259",
              "parentUUID": "478f4d81-ebf2-4e2d-9e96-551ae35c0d2c",
              "isHook": false,
              "skipped": false
            }
          ],
          "suites": [],
          "passes": [
            "e0c27fbc-f922-4ea4-a2f9-55235b296259"
          ],
          "failures": [],
          "pending": [],
          "skipped": [],
          "duration": 3538,
          "root": false,
          "rootEmpty": false,
          "_timeout": 2000
        }
      ],
      "passes": [],
      "failures": [],
      "pending": [],
      "skipped": [],
      "duration": 0,
      "root": true,
      "rootEmpty": true,
      "_timeout": 2000
    }
  ],
  "meta": {
    "mocha": {
      "version": "7.0.1"
    },
    "mochawesome": {
      "options": {
        "quiet": false,
        "reportFilename": "mochawesome",
        "saveHtml": false,
        "saveJson": true,
        "consoleReporter": "spec",
        "useInlineDiffs": false
      },
      "version": "4.1.0"
    },
    "marge": {
      "options": {
        "id": "default",
        "reportDir": "cypress/reports",
        "overwrite": false,
        "html": false,
        "json": true
      },
      "version": "4.1.0"
    }
  }
}